/bin/sh: 1: /home/ubuntu/fate/main.py: Permission denied
今日宜:
加班: 获得了三倍的加班费
和老板提升职: 老板开心，给你加薪了20%

今日不宜:
提需求: 需求没有人理
和上司吵架: 会被开除
发邮件: 忘记抄送老板了

:EveOneCat23: 快来查看专属于打工人的今日运势吧 :EveOneCat23: 

今日宜:
和老板提升职: 老板开心，给你加薪了20%
设置番茄钟: 高效地完成了工作
发邮件: 对方秒回了你的邮件

今日不宜:
提需求: 需求没有人理

:EveOneCat23: 快来查看专属于打工人的今日运势吧 :EveOneCat23: 

今日宜:
调参: 模型效果远超SOTA

今日不宜:
设置番茄钟: 工作五分钟，休息半小时
发邮件: 忘记加附件了
和老板提升职: 会被开除

:EveOneCat23: 快来查看专属于打工人的今日运势吧 :EveOneCat23: 

今日宜:
上班时打游戏: 没有人发现，心情值+10
上班时吃零食: 会获得其他同事的零食投喂

今日不宜:
和老板提升职: 会被开除

:EveOneCat23: 快来查看专属于打工人的今日运势吧 :EveOneCat23: 

今日宜:
发邮件: 对方秒回了你的邮件
设置番茄钟: 高效地完成了工作

今日不宜:
调参: 放弃吧，模型是不会收敛的

